{
  "timestamp": "2025-12-08 06:47:23.582986",
  "device_info": {
    "serial_number": "AEQAG04wUAQgNDlF",
    "model": "0",
    "git_hash": "662e2fbee809dad6c0d60600e3a0c61e998c36d5",
    "git_dirty": false,
    "git_timestamp": 1690333207,
    "uuid": "d9b7d726-1f48-426f-b70e-601966d11dad"
  },
  "calibration": {
    "invert": false,
    "phase_invert": true,
    "poles": 42,
    "offset": [
      2.4494608455606275,
      2.4346888244906,
      2.374208511815212,
      2.3204891691075225,
      2.323838540640756,
      2.2758952124353256,
      2.247099322710179,
      2.2729678189694544,
      2.2498828929741097,
      2.2460658078667177,
      2.2773376574642086,
      2.2890398750897405,
      2.2845964515990107,
      2.3193695158448975,
      2.3193004584010732,
      2.3101215776767665,
      2.340749486286233,
      2.343103324953176,
      2.3513976714103646,
      2.362357198156439,
      2.3929728978019598,
      2.4059652064826653,
      2.428961081589807,
      2.4799306499877676,
      2.4940438397623454,
      2.521106554851161,
      2.54741495230977,
      2.5584512037816145,
      2.5492962805942025,
      2.5482360102502137,
      2.529611007777398,
      2.4915430218301235,
      2.487435586339445,
      2.4398661491504665,
      2.4142346147210643,
      2.3902550984818296,
      2.366367987272009,
      2.3436976858041643,
      2.340594026282422,
      2.3339248200600706,
      2.328868470119592,
      2.3635216845663076,
      2.354816892414477,
      2.384099832451732,
      2.399271079414014,
      2.3930050047297713,
      2.416553983105673,
      2.435545888179018,
      2.432226982959175,
      2.439889047675995,
      2.4743201692052854,
      2.442978417956691,
      2.4695830763337856,
      2.505956844671789,
      2.4829990038171768,
      2.5275214530935406,
      2.554319715513569,
      2.5410737082547716,
      2.559013014459484,
      2.593920576528562,
      2.5472369546385907,
      2.536160379994823,
      2.5521729299530276,
      2.478945793128678
    ],
    "fit_metric": 38.992490480646644,
    "current_quality_factor": 88.43784880192872
  },
  "winding_resistance": 0.03993148776869494,
  "inductance": 1.7539980387225046e-05,
  "pid_dq_kp": 0.022041389411446104,
  "pid_dq_ki": 50.17938744841709,
  "torque_bw_hz": 200.0,
  "encoder_filter_bw_hz": 200.0,
  "encoder_filter_kp": 1013.4169850289654,
  "encoder_filter_ki": 256753.49638629958,
  "kv": 97.47814542953283,
  "unwrapped_position_scale": 1.0,
  "motor_position_output_sign": 1.0,
  "abi_version": 261,
  "voltage_mode_control": false,
  "py_version": "0.3.96"
}
