{
  "timestamp": "2025-12-09 11:19:52.363835",
  "device_info": {
    "serial_number": "AB8AQ04wUAUgNDlF",
    "model": "0",
    "git_hash": "662e2fbee809dad6c0d60600e3a0c61e998c36d5",
    "git_dirty": false,
    "git_timestamp": 1690333207,
    "uuid": "a00c4f91-dddb-4f66-ab45-1f11d9c2f1de"
  },
  "calibration": {
    "invert": false,
    "phase_invert": true,
    "poles": 42,
    "offset": [
      0.8555905297747314,
      0.8701524622606985,
      0.8670881223476017,
      0.8210941427275429,
      0.8320775942765635,
      0.8436166058599933,
      0.8163785999001896,
      0.8229317170710919,
      0.85840639078221,
      0.8415574688710092,
      0.8612506449643663,
      0.9014978048689329,
      0.9036688019767849,
      0.9232533624257324,
      0.9490987318645232,
      0.9709248107294642,
      0.9713047914349066,
      0.9972995511713956,
      1.0093149173662752,
      1.0156856533416128,
      1.0317699766713797,
      1.0351020263591328,
      1.0364749649961857,
      1.0327923095338603,
      1.048006247772064,
      1.0392070508015334,
      1.045237332938019,
      1.0552149091883654,
      1.038507534997938,
      1.0467801414030147,
      1.047247483266858,
      1.0335348148542856,
      1.017052512867357,
      1.0179045637125745,
      0.9920377236839183,
      0.9729914708943428,
      0.9593154228569838,
      0.9273047490234808,
      0.9188042112655279,
      0.9027547703952065,
      0.8979519637735668,
      0.897072609676892,
      0.8990450759515075,
      0.8963076653904,
      0.9164764079340223,
      0.9248824214870444,
      0.9070442443387152,
      0.9342642222599927,
      0.9233931094322196,
      0.8997456993270302,
      0.9112795445255674,
      0.9090209577539714,
      0.8775073035847537,
      0.8940569990155444,
      0.9051955574440169,
      0.8725379191754602,
      0.9069439450744097,
      0.9083344580279226,
      0.887266645499384,
      0.9109440638053206,
      0.920149123773301,
      0.8914590354188974,
      0.9000360553050876,
      0.9140162294136033
    ],
    "fit_metric": 34.32517808020814,
    "current_quality_factor": 152.4132217779888
  },
  "winding_resistance": 0.04431836259652677,
  "inductance": 2.552478436415617e-05,
  "pid_dq_kp": 0.03207539001715866,
  "pid_dq_ki": 55.692096940950876,
  "torque_bw_hz": 200.0,
  "encoder_filter_bw_hz": 200.0,
  "encoder_filter_kp": 1013.4169850289654,
  "encoder_filter_ki": 256753.49638629958,
  "kv": 97.18238206962691,
  "unwrapped_position_scale": 1.0,
  "motor_position_output_sign": 1.0,
  "abi_version": 261,
  "voltage_mode_control": false,
  "py_version": "0.3.96"
}
