{
  "timestamp": "2025-12-09 09:58:34.298430",
  "device_info": {
    "serial_number": "AB8AQ04wUAUgNDlF",
    "model": "0",
    "git_hash": "662e2fbee809dad6c0d60600e3a0c61e998c36d5",
    "git_dirty": false,
    "git_timestamp": 1690333207,
    "uuid": "a00c4f91-dddb-4f66-ab45-1f11d9c2f1de"
  },
  "calibration": {
    "invert": false,
    "phase_invert": true,
    "poles": 42,
    "offset": [
      0.8495768208987963,
      0.8671453143448501,
      0.8618855165005204,
      0.8227298372514853,
      0.8292853671560014,
      0.8337790642603239,
      0.8119479460648079,
      0.8193486822445062,
      0.856055495190327,
      0.8359855770928745,
      0.8576988026093637,
      0.8993937572896522,
      0.9012708884650144,
      0.9188773065293594,
      0.9450078521093634,
      0.9661462089387598,
      0.9652389441558457,
      0.9974902903121389,
      1.0096502618021619,
      1.0131565898655541,
      1.02922627333923,
      1.034876645830103,
      1.034148415205379,
      1.0305303213575803,
      1.0432820967969523,
      1.0342842525802791,
      1.041305509428608,
      1.0523366584070644,
      1.038815126299835,
      1.0469835652509667,
      1.0427801525103817,
      1.028652986360382,
      1.0187525475202457,
      1.0179911706300129,
      0.9860579221793131,
      0.9699191499473371,
      0.9577637206222761,
      0.9240360820511138,
      0.9184736187261558,
      0.9012250901263197,
      0.8917220012438725,
      0.8898984338190272,
      0.8974200182099882,
      0.8937671438714511,
      0.911508121633686,
      0.9183147278809788,
      0.8971041397957027,
      0.9287642772800242,
      0.9186168211023181,
      0.8993540441957931,
      0.9111329376783817,
      0.9132482199018058,
      0.8795892157464716,
      0.8922781767142534,
      0.9054844382788315,
      0.8661252317768455,
      0.9039677783854566,
      0.9076152502229076,
      0.8823890736178384,
      0.9086267061075599,
      0.9148490942077403,
      0.8870592505455148,
      0.9007806189824121,
      0.9128257622482249
    ],
    "fit_metric": 33.821638951321134,
    "current_quality_factor": 168.2567662980623
  },
  "winding_resistance": 0.04424596421997517,
  "inductance": 2.5874417937703505e-05,
  "pid_dq_kp": 0.03251475252360052,
  "pid_dq_ki": 55.60111845778834,
  "torque_bw_hz": 200.0,
  "encoder_filter_bw_hz": 200.0,
  "encoder_filter_kp": 1013.4169850289654,
  "encoder_filter_ki": 256753.49638629958,
  "kv": 98.28153163265443,
  "unwrapped_position_scale": 1.0,
  "motor_position_output_sign": 1.0,
  "abi_version": 261,
  "voltage_mode_control": false,
  "py_version": "0.3.96"
}
