{
  "timestamp": "2025-12-09 11:10:19.768761",
  "device_info": {
    "serial_number": "AB8AQ04wUAUgNDlF",
    "model": "0",
    "git_hash": "662e2fbee809dad6c0d60600e3a0c61e998c36d5",
    "git_dirty": false,
    "git_timestamp": 1690333207,
    "uuid": "a00c4f91-dddb-4f66-ab45-1f11d9c2f1de"
  },
  "calibration": {
    "invert": false,
    "phase_invert": true,
    "poles": 42,
    "offset": [
      0.8458911118948004,
      0.8676253098227247,
      0.8603277600617536,
      0.818717110919448,
      0.8328080185994969,
      0.8423642718630808,
      0.8150791153141498,
      0.8206937644762082,
      0.8577750585525825,
      0.843930812993201,
      0.8596659248137567,
      0.8959041048093823,
      0.9002983984994578,
      0.9190544604042103,
      0.9431538734440003,
      0.9665497143382624,
      0.9659837560443832,
      0.9916797392022882,
      1.0059091619686058,
      1.0086599666865972,
      1.0278994036685263,
      1.0325061642619855,
      1.0335736950260137,
      1.0305831452582668,
      1.0453791305325006,
      1.0367803293969577,
      1.0396201928292137,
      1.0520016171354905,
      1.0401324422842335,
      1.0454675212445437,
      1.0460646646138316,
      1.029996190522784,
      1.0121441038945602,
      1.0146990824565543,
      0.9846303555268067,
      0.9629889970751331,
      0.9533833706708321,
      0.9224577349154108,
      0.9135832732919202,
      0.8990097366116873,
      0.8939832398063208,
      0.889863287012809,
      0.8968298669512678,
      0.892405922187757,
      0.9114459828676544,
      0.9184661743399858,
      0.897896816363958,
      0.9282994234613933,
      0.918708901522944,
      0.8966901767222635,
      0.9081066977513602,
      0.9105339655027529,
      0.8777628193660575,
      0.8959323199912123,
      0.9048506437991524,
      0.8672870491469225,
      0.9052204059144473,
      0.9089910564949049,
      0.8844123656786352,
      0.9104604030395983,
      0.9150386473258497,
      0.8833590060874066,
      0.8946760428832659,
      0.9011475521509861
    ],
    "fit_metric": 34.102262914671215,
    "current_quality_factor": 188.72739816516776
  },
  "winding_resistance": 0.044755647657304734,
  "inductance": 2.2663463821517208e-05,
  "pid_dq_kp": 0.028479748578630608,
  "pid_dq_ki": 56.241605554736715,
  "torque_bw_hz": 200.0,
  "encoder_filter_bw_hz": 200.0,
  "encoder_filter_kp": 1013.4169850289654,
  "encoder_filter_ki": 256753.49638629958,
  "kv": 97.8137580093785,
  "unwrapped_position_scale": 1.0,
  "motor_position_output_sign": 1.0,
  "abi_version": 261,
  "voltage_mode_control": false,
  "py_version": "0.3.96"
}
