{
  "timestamp": "2025-12-09 07:44:19.026272",
  "device_info": {
    "serial_number": "AEQAG04wUAQgNDlF",
    "model": "0",
    "git_hash": "662e2fbee809dad6c0d60600e3a0c61e998c36d5",
    "git_dirty": false,
    "git_timestamp": 1690333207,
    "uuid": "d9b7d726-1f48-426f-b70e-601966d11dad"
  },
  "calibration": {
    "invert": false,
    "phase_invert": true,
    "poles": 42,
    "offset": [
      2.4474746788632076,
      2.4316190137450886,
      2.370071738625047,
      2.316083776354148,
      2.32039534236432,
      2.271198648193065,
      2.242225110986661,
      2.2690067273266536,
      2.2518866388451904,
      2.2541841913442973,
      2.2813698300078804,
      2.294032230289491,
      2.285722067777849,
      2.3204439383308335,
      2.322002571753118,
      2.3137299002348275,
      2.340795141481037,
      2.344395337103769,
      2.3524822340060605,
      2.3638003428858942,
      2.4005623591055696,
      2.4101391771326446,
      2.4316231379796838,
      2.4816680998313423,
      2.4976689743057765,
      2.5259851103254998,
      2.5488752486325135,
      2.5556886179780536,
      2.5477702418897876,
      2.551360795679192,
      2.5331061244290587,
      2.4964103565417686,
      2.487788989698758,
      2.4373668799827564,
      2.4109749131791096,
      2.3887499253080455,
      2.3619401042464965,
      2.34075624599638,
      2.343172036138146,
      2.335918063263023,
      2.326072689329429,
      2.3611744130655388,
      2.347809309552446,
      2.3800658538915846,
      2.4023442709915215,
      2.4004263834219595,
      2.420587688928351,
      2.4352162713877883,
      2.4328917661895826,
      2.4420757804720914,
      2.4762968437963813,
      2.4427552931175867,
      2.479144054110545,
      2.5042181113380795,
      2.472736406659351,
      2.5232724847479884,
      2.5532707115244024,
      2.538224937924944,
      2.561877387456716,
      2.596693292958639,
      2.5482371147776948,
      2.5406438547502006,
      2.555852932291418,
      2.4776120380190725
    ],
    "fit_metric": 38.103215599747394,
    "current_quality_factor": 71.82254177410596
  },
  "winding_resistance": 0.041299483187362755,
  "inductance": 1.653633159933774e-05,
  "pid_dq_kp": 0.02078016714792168,
  "pid_dq_ki": 51.89846119138961,
  "torque_bw_hz": 200.0,
  "encoder_filter_bw_hz": 200.0,
  "encoder_filter_kp": 1013.4169850289654,
  "encoder_filter_ki": 256753.49638629958,
  "kv": 96.94954369062903,
  "unwrapped_position_scale": 1.0,
  "motor_position_output_sign": 1.0,
  "abi_version": 261,
  "voltage_mode_control": false,
  "py_version": "0.3.96"
}
